17:39:27:871 [ALWAYS]	GUDE Logging Started
17:39:27:872 [INFO]	SqliteResumeCache::SqliteResumeCache basedirectory is null/empty
17:39:27:872 [ERROR]	SqliteResumeCache::CreateSqliteResumeCache creating resume cache pointer failure
17:39:27:873 [ERROR]	Initialize resume cache pointer failure
17:39:27:874 [INFO]	gude policy POLICY_USER limit (2,2,1) chunk 2097152, chunking (UL 0 DL 1), resXfer 1, adapt 0, NSURL 0, timeout 86400 
17:39:27:874 [INFO]	Initialized -- gude-lib version: v0.12.1 app: gude
17:39:32:063 [WARN]	Ignoring attempt to reinit logging to \gude at level 4 retaining 3 days of logs
17:39:32:063 [INFO]	SqliteResumeCache::SqliteResumeCache basedirectory is null/empty
17:39:32:064 [ERROR]	SqliteResumeCache::CreateSqliteResumeCache creating resume cache pointer failure
17:39:32:064 [ERROR]	Initialize resume cache pointer failure
17:39:32:064 [INFO]	gude policy POLICY_USER limit (4,4,1) chunk 2097152, chunking (UL 0 DL 1), resXfer 1, adapt 0, NSURL 1, timeout 86400 
17:39:32:064 [INFO]	Initialized -- gude-lib version: v0.12.1 app: gude
17:51:43:427 [ALWAYS]	GUDE Logging Started
17:51:43:428 [INFO]	SqliteResumeCache::SqliteResumeCache basedirectory is null/empty
17:51:43:428 [ERROR]	SqliteResumeCache::CreateSqliteResumeCache creating resume cache pointer failure
17:51:43:428 [ERROR]	Initialize resume cache pointer failure
17:51:43:428 [INFO]	gude policy POLICY_USER limit (2,2,1) chunk 2097152, chunking (UL 0 DL 1), resXfer 1, adapt 0, NSURL 0, timeout 86400 
17:51:43:428 [INFO]	Initialized -- gude-lib version: v0.12.1 app: gude
17:51:47:395 [WARN]	Ignoring attempt to reinit logging to \gude at level 4 retaining 3 days of logs
17:51:47:395 [INFO]	SqliteResumeCache::SqliteResumeCache basedirectory is null/empty
17:51:47:395 [ERROR]	SqliteResumeCache::CreateSqliteResumeCache creating resume cache pointer failure
17:51:47:396 [ERROR]	Initialize resume cache pointer failure
17:51:47:396 [INFO]	gude policy POLICY_USER limit (4,4,1) chunk 2097152, chunking (UL 0 DL 1), resXfer 1, adapt 0, NSURL 1, timeout 86400 
17:51:47:396 [INFO]	Initialized -- gude-lib version: v0.12.1 app: gude
